[PREINITIALIZATION][CLIENT][INFO] Thank you to the Patreon supporters below and others who make CraftTweaker possible!
otakup0pe
DreamThorn
quaternary
XxNeapTidexX
IDroid
AdaraChristine
Robijnvogel
NickT
Peregrinus11
realTIMematrix
Jonathan McManus
Ivy_
Pongo Sapiens
If you want to support the mod, checkout https://patreon.com/jaredlll08?s=crtmod

[PREINITIALIZATION][CLIENT][INFO] Current loaders after merging: [[preinit]]
[PREINITIALIZATION][CLIENT][INFO] Loading scripts for loader with names [preinit]
[PREINITIALIZATION][CLIENT][INFO] Completed script loading in: 0ms
[INITIALIZATION][CLIENT][INFO] CraftTweaker: Building registry
[INITIALIZATION][CLIENT][INFO] CraftTweaker: Successfully built item registry
[INITIALIZATION][CLIENT][INFO] Current loaders after merging: [[preinit], [recipeevent | crafttweaker]]
[INITIALIZATION][CLIENT][INFO] Loading scripts for loader with names [crafttweaker | recipeevent]
[INITIALIZATION][CLIENT][INFO] Completed script loading in: 0ms
[POSTINITIALIZATION][CLIENT][INFO] Removing recipes for various outputs
[AVAILABLE][CLIENT][INFO] Fixed the RecipeBook
